<?xml version="1.0" encoding="UTF-8"?>
<!-- Generated by org.testng.reporters.JUnitXMLReporter -->
<testsuite hostname="DESKTOP-CC38EHV" ignored="2" tests="1" failures="0" timestamp="2020-02-24T20:46:07 PST" time="0.503" errors="0">
  <testcase name="BuildJSON" time="0.469" classname="Tests"/>
  <testcase name="TestPost" time="0.0" classname="Tests">
    <ignored/>
  </testcase> <!-- TestPost -->
  <testcase name="TestGet" time="0.0" classname="Tests">
    <ignored/>
  </testcase> <!-- TestGet -->
</testsuite>
