<?xml version="1.0" encoding="UTF-8"?>
<testng-results skipped="0" failed="0" ignored="0" total="1" passed="1">
  <reporter-output>
  </reporter-output>
  <suite name="Default suite" duration-ms="54" started-at="2020-09-25T19:33:15 PDT" finished-at="2020-09-25T19:33:15 PDT">
    <groups>
    </groups>
    <test name="Default test" duration-ms="54" started-at="2020-09-25T19:33:15 PDT" finished-at="2020-09-25T19:33:15 PDT">
      <class name="Tests">
        <test-method status="PASS" signature="helloWorldTest()[pri:0, instance:Tests@1877ab81]" name="helloWorldTest" duration-ms="10" started-at="2020-09-25T19:33:15 PDT" finished-at="2020-09-25T19:33:15 PDT">
          <reporter-output>
          </reporter-output>
        </test-method> <!-- helloWorldTest -->
      </class> <!-- Tests -->
    </test> <!-- Default test -->
  </suite> <!-- Default suite -->
</testng-results>
